[    0.000000] Initializing cgroup subsys cpuset
[    0.000000] Initializing cgroup subsys cpu
[    0.000000] Initializing cgroup subsys cpuacct
[    0.000000] Linux version 4.4.0-137-generic (buildd@lgw01-amd64-012) (gcc version 5.4.0 20160609 (Ubuntu 5.4.0-6ubuntu1~16.04.10) ) #163-Ubuntu SMP Mon Sep 24 13:23:40 UTC 2018 (Ubuntu 4.4.0-137.163-generic 4.4.144)
[    0.000000] KERNEL supported cpus:
[    0.000000]   Intel GenuineIntel
[    0.000000]   AMD AuthenticAMD
[    0.000000]   NSC Geode by NSC
[    0.000000]   Cyrix CyrixInstead
[    0.000000]   Centaur CentaurHauls
[    0.000000]   Transmeta GenuineTMx86
[    0.000000]   Transmeta TransmetaCPU
[    0.000000]   UMC UMC UMC UMC
[    0.000000] x86/fpu: xstate_offset[2]:  576, xstate_sizes[2]:  256
[    0.000000] x86/fpu: Supporting XSAVE feature 0x01: 'x87 floating point registers'
[    0.000000] x86/fpu: Supporting XSAVE feature 0x02: 'SSE registers'
[    0.000000] x86/fpu: Supporting XSAVE feature 0x04: 'AVX registers'
[    0.000000] x86/fpu: Enabled xstate features 0x7, context size is 832 bytes, using 'standard' format.
[    0.000000] e820: BIOS-provided physical RAM map:
[    0.000000] BIOS-e820: [mem 0x0000000000000000-0x000000000009fbff] usable
[    0.000000] BIOS-e820: [mem 0x000000000009fc00-0x000000000009ffff] reserved
[    0.000000] BIOS-e820: [mem 0x00000000000f0000-0x00000000000fffff] reserved
[    0.000000] BIOS-e820: [mem 0x0000000000100000-0x000000001ffeffff] usable
[    0.000000] BIOS-e820: [mem 0x000000001fff0000-0x000000001fffffff] ACPI data
[    0.000000] BIOS-e820: [mem 0x00000000fec00000-0x00000000fec00fff] reserved
[    0.000000] BIOS-e820: [mem 0x00000000fee00000-0x00000000fee00fff] reserved
[    0.000000] BIOS-e820: [mem 0x00000000fffc0000-0x00000000ffffffff] reserved
[    0.000000] NX (Execute Disable) protection: active
[    0.000000] SMBIOS 2.5 present.
[    0.000000] Hypervisor detected: KVM
[    0.000000] e820: last_pfn = 0x1fff0 max_arch_pfn = 0x1000000
[    0.000000] MTRR: Disabled
[    0.000000] x86/PAT: MTRRs disabled, skipping PAT initialization too.
[    0.000000] CPU MTRRs all blank - virtualized system.
[    0.000000] x86/PAT: Configuration [0-7]: WB  WT  UC- UC  WB  WT  UC-CC  
[    0.000000] found SMP MP-table at [mem 0x0009fff0-0x0009ffff] mapped at [c009fff0]
[    0.000000] Scanning 1 areas for low memory corruption
[    0.000000] RAMDISK: [mem 0x1e95f000-0x1f7c8fff]
[    0.000000] ACPI: Early table checksum verification disabled
[    0.000000] ACPI: RSDP 0x00000000000E0000 000024 (v02 VBOX  )
[    0.000000] ACPI: XSDT 0x000000001FFF0030 00003C (v01 VBOX   VBOXXSDT 00000001 ASL  00000061)
[    0.000000] ACPI: FACP 0x000000001FFF00F0 0000F4 (v04 VBOX   VBOXFACP 00000001 ASL  00000061)
[    0.000000] ACPI: DSDT 0x000000001FFF0470 0021FF (v02 VBOX   VBOXBIOS 00000002 INTL 20100528)
[    0.000000] ACPI: FACS 0x000000001FFF0200 000040
[    0.000000] ACPI: FACS 0x000000001FFF0200 000040
[    0.000000] ACPI: APIC 0x000000001FFF0240 000054 (v02 VBOX   VBOXAPIC 00000001 ASL  00000061)
[    0.000000] ACPI: SSDT 0x000000001FFF02A0 0001CC (v01 VBOX   VBOXCPUT 00000002 INTL 20100528)
[    0.000000] 0IGHMEM available.
[    0.000000] 511MB LOWMEM available.
[    0.000000]   mapped low ram: 0 - 1fff0000
[    0.000000]   low ram: 0 - 1fff0000
[    0.000000] kvm-clock: Using msrs 4b564d01 and 4b564d00
[    0.000000] kvm-clock: cpu 0, msr 0:1ffef001, primary cpu clock
[    0.000000] kvm-clock: using sched offset of 4136005466 cycles
[    0.000000] clocksource: kvm-clock: mask: 0xffffffffffffffff max_cycles: 0x1cd42e4dffb, max_idle_ns: 881590591483 ns
[    0.000000] Zone ranges:
[    0.000000]   DMA      [mem 0x0000000000001000-0x0000000000ffffff]
[    0.000000]   Normal   [mem 0x0000000001000000-0x000000001ffeffff]
[    0.000000]   HighMem  empty
[    0.000000] Movable zone start for each node
[    0.000000] Early memory node ranges
[    0.000000]   node   0: [mem 0x0000000000001000-0x000000000009efff]
[    0.000000]   node   0: [mem 0x0000000000100000-0x000000001ffeffff]
[    0.000000] Initmem setup node 0 [mem 0x0000000000001000-0x000000001ffeffff]
[    0.000000] Using APIC driver default
[    0.000000] ACPI: PM-Timer IO Port: 0x4008
[    0.000000] IOAPIC[0]: apic_id 1, version 32, address 0xfec00000, GSI 0-23
[    0.000000] ACPI: INT_SRC_OVR (bus 0 bus_irq 0 global_irq 2 dfl dfl)
[    0.000000] ACPI: INT_SRC_OVR (bus 0 bus_irq 9 global_irq 9 low level)
[    0.000000] Using ACPI (MADT) for SMP configuration information
[    0.000000] smpboot: Allowing 1 CPUs, 0 hotplug CPUs
[    0.000000] PM: Registered nosave memory: [mem 0x00000000-0x00000fff]
[    0.000000] PM: Registered nosave memory: [mem 0x0009f000-0x0009ffff]
[    0.000000] PM: Registered nosave memory: [mem 0x000a0000-0x000effff]
[    0.000000] PM: Registered nosave memory: [mem 0x000f0000-0x000fffff]
[    0.000000] e820: [mem 0x20000000-0xfebfffff] available for PCI devices
[    0.000000] Booting paravirtualized kernel on KVM
[    0.000000] clocksource: refined-jiffies: mask: 0xffffffff max_cycles: 0xffffffff, max_idle_ns: 7645519600211568 ns
[    0.000000] setup_percpu: NR_CPUS:8 nr_cpumask_bits:8 nr_cpu_ids:1 nr_node_ids:1
[    0.000000] PERCPU: Embedded 19 pages/cpu @dfac1000 s47436 r0 d30388 u77824
[    0.000000] PV qspinlock hash table entries: 512 (order: 0, 4096 bytes)
[    0.000000] Built 1 zonelists in Zone order, mobility grouping on.  Total pages: 129678
[    0.000000] Kernel command line: BOOT_IMAGE=/boot/vmlinuz-4.4.0-137-generic root=LABEL=cloudimg-rootfs ro console=tty1 console=ttyS0
[    0.000000] PID hash table entries: 2048 (order: 1, 8192 bytes)
[    0.000000] Dentry cache hash table entries: 65536 (order: 6, 262144 bytes)
[    0.000000] Inode-cache hash table entries: 32768 (order: 5, 131072 bytes)
[    0.000000] Initializing CPU#0
[    0.000000] Initializing HighMem for node 0 (00000000:00000000)
[    0.000000] Memory: 489404K/523832K available (8041K kernel code, 782K rwdata, 3180K rodata, 952K init, 800K bss, 34428K reserved, 0K cma-reserved, 0K highmem)
[    0.000000] virtual kernel memory layout:
[    0.000000]     fixmap  : 0xfff15000 - 0xfffff000   ( 936 kB)
[    0.000000]     pkmap   : 0xffc00000 - 0xffe00000   (2048 kB)
[    0.000000]     vmalloc : 0xe07f0000 - 0xffbfe000   ( 500 MB)
[    0.000000]     lowmem  : 0xc0000000 - 0xdfff0000   ( 511 MB)
[    0.000000]       .init : 0xc1bbc000 - 0xc1caa000   ( 952 kB)
[    0.000000]       .data : 0xc17da7a8 - 0xc1bbaa00   (3968 kB)
[    0.000000]       .text : 0xc1000000 - 0xc17da7a8   (8041 kB)
[    0.000000] Checking if this processor honours the WP bit even in supervisor mode...Ok.
[    0.000000] SLUB: HWalign=64, Order=0-3, MinObjects=0, CPUs=1, Nodes=1
[    0.000000] Hierarchical RCU implementation.
[    0.000000] 	Build-time adjustment of leaf fanout to 32.
[    0.000000] 	RCU restricting CPUs from NR_CPUS=8 to nr_cpu_ids=1.
[    0.000000] RCU: Adjusting geometry for rcu_fanout_leaf=32, nr_cpu_ids=1
[    0.000000] NR_IRQS:2304 nr_irqs:256 16
[    0.000000] Console: colour VGA+ 80x25
[    0.000000] console [tty1] enabled
[    0.000000] console [ttyS0] enabled
[    0.000000] allocated 524288 bytes of page_ext
[    0.000000] tsc: Detected 2592.002 MHz processor
[   11.859650] Calibrating delay loop (skipped) preset value.. 5184.00 BogoMIPS (lpj=10368008)
[   11.934952] pid_max: default: 32768 minimum: 301
[   11.984175] ACPI: Core revision 20150930
[   12.045039] ACPI: 2 ACPI AML tables successfully acquired and loaded
[   12.057412] Security Framework initialized
[   12.094784] Yama: becoming mindful.
[   12.097401] AppArmor: AppArmor initialized
[   12.116298] Mount-cache hash table entries: 1024 (order: 0, 4096 bytes)
[   12.143502] Mountpoint-cache hash table entries: 1024 (order: 0, 4096 bytes)
[   12.172353] Initializing cgroup subsys io
[   12.194646] Initializing cgroup subsys memory
[   12.214042] Initializing cgroup subsys devices
[   12.230030] Initializing cgroup subsys freezer
[   12.252994] Initializing cgroup subsys net_cls
[   12.254862] Initializing cgroup subsys perf_event
[   12.263963] Initializing cgroup subsys net_prio
[   12.285441] Initializing cgroup subsys hugetlb
[   12.290241] Initializing cgroup subsys pids
[   12.295998] mce: CPU supports 0 MCE banks
[   12.317610] process: using mwait in idle threads
[   12.335410] Last level iTLB entries: 4KB 64, 2MB 8, 4MB 8
[   12.355112] Last level dTLB entries: 4KB 64, 2MB 0, 4MB 0, 1GB 4
[   12.389374] Spectre V2 : Mitigation: Full generic retpoline
[   12.410286] Spectre V2 : Spectre v2 mitigation: Speculation control IBPB not-supported IBRS not-supported
[   12.476403] Spectre V2 : Spectre v2 / SpectreRSB mitigation: Filling RSB on context switch
[   12.510112] Speculative Store Bypass: Vulnerable
[   12.551779] Freeing SMP alternatives memory: 32K
[   12.588799] ftrace: allocating 31539 entries in 62 pages
[   12.695764] smpboot: APIC(0) Converting physical 0 to logical package 0
[   12.724174] smpboot: Max logical packages: 1
[   12.744783] Enabling APIC mode:  Flat.  Using 1 I/O APICs
[   12.765471] ..TIMER: vector=0x30 apic1=0 pin1=2 apic2=-1 pin2=-1
[   12.893714] smpboot: CPU0: Intel(R) Core(TM) i7-6700HQ CPU @ 2.60GHz (family: 0x6, model: 0x5e, stepping: 0x3)
[   12.948814] Performance Events: unsupported p6 CPU model 94 no PMU driver, software events only.
[   13.056261] KVM setup paravirtual spinlock
[   13.059138] x86: Booted up 1 node, 1 CPUs
[   13.102915] smpboot: Total of 1 processors activated (5184.00 BogoMIPS)
[   13.160626] devtmpfs: initialized
[   13.178832] evm: security.selinux
[   13.192030] evm: security.SMACK64
[   13.229035] evm: security.SMACK64EXEC
[   13.271797] evm: security.SMACK64TRANSMUTE
[   13.340008] evm: security.SMACK64MMAP
[   13.393839] evm: security.ima
[   13.432815] evm: security.capability
[   13.467791] clocksource: jiffies: mask: 0xffffffff max_cycles: 0xffffffff, max_idle_ns: 7645041785100000 ns
[   13.576027] futex hash table entries: 256 (order: 2, 16384 bytes)
[   13.595931] pinctrl core: initialized pinctrl subsystem
[   13.622356] RTC time: 20:47:23, date: 01/03/19
[   13.676071] NET: Registered protocol family 16
[   13.697915] EISA bus registered
[   13.720881] cpuidle: using governor ladder
[   13.758921] cpuidle: using governor menu
[   13.800798] PCCT header not found.
[   13.820584] ACPI: bus type PCI registered
[   13.831101] acpiphp: ACPI Hot Plug PCI Controller Driver version: 0.5
[   13.851347] PCI : PCI BIOS area is rw and x. Use pci=nobios if you want it NX.
[   13.860516] PCI: PCI BIOS revision 2.10 entry at 0xfda26, last bus=0
[   13.866218] PCI: Using configuration type 1 for base access
[   13.903019] ACPI: Added _OSI(Module Device)
[   13.930225] ACPI: Added _OSI(Processor Device)
[   13.956022] ACPI: Added _OSI(3.0 _SCP Extensions)
[   13.958526] ACPI: Added _OSI(Processor Aggregator Device)
[   14.001864] ACPI: Executed 1 blocks of module-level executable AML code
[   14.072215] ACPI: Interpreter enabled
[   14.092184] ACPI: (supports S0 S5)
[   14.115044] ACPI: Using IOAPIC for interrupt routing
[   14.146547] PCI: Using host bridge windows from ACPI; if necessary, use "pci=nocrs" and report a bug
[   14.225361] ACPI: PCI Root Bridge [PCI0] (domain 0000 [bus 00-ff])
[   14.248310] acpi PNP0A03:00: _OSC: OS supports [ASPM ClockPM Segments MSI]
[   14.295839] acpi PNP0A03:00: _OSC: not requesting OS control; OS requires [ExtendedConfig ASPM ClockPM MSI]
[   14.343358] acpi PNP0A03:00: fail to add MMCONFIG information, can't access extended PCI configuration space under this bridge.
[   14.418616] PCI host bridge to bus 0000:00
[   14.452936] pci_bus 0000:00: root bus resource [io  0x0000-0x0cf7 window]
[   14.484893] pci_bus 0000:00: root bus resource [io  0x0d00-0xffff window]
[   14.544632] pci_bus 0000:00: root bus resource [mem 0x000a0000-0x000bffff window]
[   14.603398] pci_bus 0000:00: root bus resource [mem 0x20000000-0xfdffffff window]
[   14.669763] pci_bus 0000:00: root buu resource [bus 00-ff]
[   14.691142] pci 0000:00:01.1: legacy IDE quirk: reg 0x10: [io  0x01f0-0x01f7]
[   14.697943] pci 0000:00:01.1: legacy IDE quirk: reg 0x14: [io  0x03f6]
[   14.715341] pci 0000:00:01.1: legacy IDE quirk: reg 0x18: [io  0x0170-0x0177]
[   14.737031] pci 0000:00:01.1: legacy IDE quirk: reg 0x1c: [io  0x0376]
[   14.762390] pci 0000:00:07.0: quirk: [io  0x4000-0x403f] claimed by PIIX4 ACPI
[   14.789389] pci 0000:00:07.0: quirk: [io  0x4100-0x410f] claimed by PIIX4 SMB
[   14.814701] ACPI: PCI Interrupt Link [LNKA] (IRQs 5 9 10 *11)
[   14.841010] ACPI: PCI Interrupt Link [LNKB] (IRQs 5 9 *10 11)
[   14.864745] ACPI: PCI Interrupt Link [LNKC] (IRQs 5 *9 10 11)
[   14.947743] ACPI: PCI Interrupt Link [LNKD] (IRQs 5 9 10 *11)
[   14.977679] ACPI: Enabled 2 GPEs in block 00 to 07
[   15.023314] vgaarb: setting as boot device: PCI:0000:00:02.0
[   15.041320] vgaarb: device added: PCI:0000:00:02.0,decodes=io+mem,owns=io+mem,locks=none
[   15.147094] vgaarb: loaded
[   15.161599] vgaarb: bridge control possible 0000:00:02.0
[   15.217794] SCSI subsystem initialized
[   15.285407] ACPI: bus type USB registered
[   15.357976] usbcore: registered new interface driver usbfs
[   15.408456] usbcore: registered new interface driver hub
[   15.437862] usbcore: registered new device driver usb
[   15.453720] PCI: Using ACPI for IRQ routing
[   15.510165] NetLabel: Initializing
[   15.526997] NetLabel:  domain hash size = 128
[   15.561180] NetLabel:  protocols = UNLABELED CIPSOv4
[   15.570831] NetLabel:  unlabeled traffic allowed by default
[   15.573829] amd_nb: Cannot enumerate AMD northbridges
[   15.592865] clocksource: Switched to clocksource kvm-clock
[   15.622663] AppArmor: AppArmor Filesystem Enabled
[   15.647512] pnp: PnP ACPI init
[   15.673624] pnp: PnP ACPI: found 3 devices
[   15.687104] PnPBIOS: Disabled by ACPI PNP
[   15.743935] clocksource: acpi_pm: mask: 0xffffff max_cycles: 0xffffff, max_idle_ns: 2085701024 ns
[   15.759315] NET: Registered protocol family 2
[   15.762111] TCP established hash table entries: 4096 (order: 2, 16384 bytes)
[   15.787033] TCP bind hash table entries: 4096 (order: 3, 32768 bytes)
[   15.828388] TCP: Hash tables configured (established 4096 bind 4096)
[   15.847947] UDP hash table entries: 256 (order: 1, 8192 bytes)
[   15.886599] UDP-Lite hash table entries: 256 (order: 1, 8192 bytes)
[   15.954288] NET: Registered protocol family 1
[   15.976501] pci 0000:00:00.0: Limiting direct PCI/PCI transfers
[   16.012609] pci 0000:00:01.0: Activating ISA DMA hang workarounds
[   16.049125] Unpacking initramfs...
[   16.530152] Freeing initrd memory: 14760K
[   16.541857] platform rtc_cmos: registered platform RTC device (no PNP device found)
[   16.544306] Scanning for low memory corruption every 60 seconds
[   16.546628] audit: initializing netlink subsys (disabled)
[   16.574278] audit: type=2000 audit(1546548437.611:1): initialized
[   16.590254] Initialise system trusted keyring
[   16.617357] HugeTLB registered 2 MB page size, pre-allocated 0 pages
[   16.641156] zbud: loaded
[   16.653161] VFS: Disk quotas dquot_6.6.0
[   16.669564] VFS: Dquot-cache hash table entries: 1024 (order 0, 4096 bytes)
[   16.680396] squashfs: version 4.0 (2009/01/31) Phillip Lougher
[   16.685204] fuse init (API version 7.23)
[   16.686621] Key type big_key registered
[   16.687804] Allocating IMA MOK and blacklist keyrings.
[   16.694945] Key type asymmetric registered
[   16.706664] Asymmetric key parser 'x509' registered
[   16.722715] bounce: pool size: 64 pages
[   16.727463] Block layer SCSI generic (bsg) driver version 0.4 loaded (major 249)
[   16.823942] io scheduler noop registered
[   16.848904] io scheduler deadline registered (default)
[   16.973598] io scheduler cfq registered
[   16.981828] pci_hotplug: PCI Hot Plug PCI Core version: 0.5
[   17.014670] pciehp: PCI Express Hot Plug Controller Driver version: 0.4
[   17.030688] ACPI: AC Adapter [AC] (off-line)
[   17.042430] input: Power Button as /devices/LNXSYSTM:00/LNXPWRBN:00/input/input0
[   17.056480] ACPI: Power Button [PWRF]
[   17.085167] input: Sleep Button as /devices/LNXSYSTM:00/LNXSLPBN:00/input/input1
[   17.130350] ACPI: Sleep Button [SLPF]
[   17.186469] ACPI: Battery Slot [BAT0] (battery present)
[   17.194949] GHES: HEST is not enabled!
[   17.215199] isapnp: Scanning for PnP cards...
[   17.272402] Serial: 8250/16550 driver, 32 ports, IRQ sharing enabled
[   17.548884] tsc: Refined TSC clocksource calibration: 2593.368 MHz
[   17.660992] clocksource: tsc: mask: 0xffffffffffffffff max_cycles: 0x2561c3201df, max_idle_ns: 440795266959 ns
[   17.741157] 00:02: ttyS0 at I/O 0x3f8 (irq = 4, base_baud = 115200) is a 16550A
[   18.067744] Linux agpgart interface v0.103
[   18.149425] isapnp: No Plug & Play device found
[   18.161252] loop: module loaded
[   18.209175] scsi host0: ata_piix
[   18.238001] scsi host1: ata_piix
[   18.278818] ata1: PATA max UDMA/33 cmd 0x1f0 ctl 0x3f6 bmdma 0xd000 irq 14
[   18.320677] ata2: PATA max UDMA/33 cmd 0x170 ctl 0x376 bmdma 0xd008 irq 15
[   18.364528] libphy: Fixed MDIO Bus: probed
[   18.375679] tun: Universal TUN/TAP device driver, 1.6
[   18.406588] tun: (C) 1999-2004 Max Krasnyansky <maxk@qualcomm.com>
[   18.433343] PPP generic driver version 2.4.2
[   18.455624] ehci_hcd: USB 2.0 'Enhanced' Host Controller (EHCI) Driver
[   18.535677] ehci-pci: EHCI PCI platform driver
[   18.580635] ehci-platform: EHCI generic platform driver
[   18.615583] ohci_hcd: USB 1.1 'Open' Host Controller (OHCI) Driver
[   18.685739] ohci-pci: OHCI PCI platform driver
[   18.727846] ohci-platform: OHCI generic platform driver
[   18.791439] uhci_hcd: USB Universal Host Controller Interface driver
[   18.840581] i8042: PNP: PS/2 Controller [PNP0303:PS2K,PNP0f03:PS2M] at 0x60,0x64 irq 1,12
[   18.984062] serio: i8042 KBD port at 0x60,0x64 irq 1
[   19.048981] serio: i8042 AUX port at 0x60,0x64 irq 12
[   19.108576] mousedev: PS/2 mouse device common for all mice
[   19.182086] input: AT Translated Set 2 keyboard as /devices/platform/i8042/serio0/input/input2
[   19.274264] rtc_cmos rtc_cmos: rtc core: registered rtc_cmos as rtc0
[   19.301788] rtc_cmos rtc_cmos: alarms up to one day, 114 bytes nvram
[   19.363239] i2c /dev entries driver
[   19.381697] device-mapper: uevent: version 1.0.3
[   19.441224] device-mapper: ioctl: 4.34.0-ioctl (2015-10-28) initialised: dm-devel@redhat.com
[   19.494025] platform eisa.0: Probing EISA bus 0
[   19.502989] platform eisa.0: EISA: Cannot allocate resource for mainboard
[   19.573294] platform eisa.0: Cannot allocate resource for EISA slot 1
[   19.597667] platform eisa.0: Cannot allocate resource for EISA slot 2
[   19.663592] platform eisa.0: Cannot allocate resource for EISA slot 3
[   19.696265] platform eisa.0: Cannot allocate resource for EISA slot 4
[   19.741919] platform eisa.0: Cannot allocate resource for EISA slot 5
[   19.768507] platform eisa.0: Cannot allocate resource for EISA slot 6
[   19.806600] platform eisa.0: Cannot allocate resource for EISA slot 7
[   19.854675] platform eisa.0: Cannot allocate resource for EISA slot 8
[   19.901789] platform eisa.0: EISA: Detected 0 cards
[   19.952037] cpufreq-nforce2: No nForce2 chipset.
[   19.975052] ledtrig-cpu: registered to indicate activity on CPUs
[   20.015954] NET: Registered protocol family 10
[   20.107034] NET: Registered protocol family 17
[   20.201519] Key type dns_resolver registered
[   20.206036] Using IPI No-Shortcut mode
[   20.215232] registered taskstats version 1
[   20.285446] Loading compiled-in X.509 certificates
[   20.319895] Loaded X.509 cert 'Build time autogenerated kernel key: 876c4c9a03a76d06edb67cce6a764c2371c2bba3'
[   20.432481] zswap: loaded using pool lzo/zbud
[   20.443807] Key type trusted registered
[   20.469831] Key type encrypted registered
[   20.484686] AppArmor: AppArmor sha1 policy hashing enabled
[   20.662223] ima: No TPM chip found, activating TPM-bypass!
[   20.666942] ima: Allocated hash algorithm: sha1
[   20.779474] evm: HMAC attrs: 0x1
[   20.894738]   Magic number: 3:551:800
[   20.984260] rtc_cmos rtc_cmos: setting system clock to 2019-01-03 20:47:31 UTC (1546548451)
[   21.073449] BIOS EDD facility v0.16 2004-Jun-25, 0 devices found
[   21.077930] EDD information not available.
[   21.145808] Freeing unused kernel memory: 952K
[   21.285490] Write protecting the kernel text: 8044k
[   21.464491] Write protecting the kernel read-only data: 3184k
[   21.529362] NX-protecting the kernel data: 6292k
Loading, please wait...
starting version[   21.601954] random: udevadm: uninitialized urandom read (16 bytes read, 6 bits of entropy available)
 229
[   21.881398] random: systemd-udevd: uninitialized urandom read (16 bytes read, 6 bits of entropy available)
[   22.241666] random: udevadm: uninitialized urandom read (16 bytes read, 6 bits of entropy available)
[   22.566745] random: systemd-udevd: uninitialized urandom read (16 bytes read, 6 bits of entropy available)
[   22.670442] random: systemd-udevd: uninitialized urandom read (16 bytes read, 6 bits of entropy available)
[   22.779993] random: udevadm: uninitialized urandom read (16 bytes read, 6 bits of entropy available)
[   23.081157] random: udevadm: uninitialized urandom read (16 bytes read, 6 bits of entropy available)
[   23.361910] random: udevadm: uninitialized urandom read (16 bytes read, 6 bits of entropy available)
[   23.669800] random: udevadm: uninitialized urandom read (16 bytes read, 6 bits of entropy available)
[   23.788944] random: udevadm: uninitialized urandom read (16 bytes read, 6 bits of entropy available)
[   24.128386] e1000: Intel(R) PRO/1000 Network Driver - version 7.3.21-k8-NAPI
[   24.168775] e1000: Copyright (c) 1999-2006 Intel Corporation.
[   24.288457] Fusion MPT base driver 3.04.20
[   24.425588] Copyright (c) 1999-2008 LSI Corporation
[   24.664077] Fusion MPT SPI Host driver 3.04.20
[   24.798798] input: ImExPS/2 Generic Explorer Mouse as /devices/platform/i8042/serio1/input/input4
[   25.329831] e1000 0000:00:03.0 eth0: (PCI:33MHz:32-bit) 02:e6:51:b1:60:b4
[   25.514586] e1000 0000:00:03.0 eth0: Intel(R) PRO/1000 Network Connection
[   25.686092] mptbase: ioc0: Initiating bringup
[   25.789198] ioc0: LSI53C1030 A0: Capabilities={Initiator}
[   26.118227] scsi host2: ioc0: LSI53C1030 A0, FwRev=00000000h, Ports=1, MaxQ=256, IRQ=20
[   26.254350] scsi 2:0:0:0: Direct-Access     VBOX     HARDDISK         1.0  PQ: 0 ANSI: 5
[   26.592321] scsi target2:0:0: Beginning Domain Validation
[   26.783041] scsi target2:0:0: Domain Validation skipping write tests
[   27.013592] scsi target2:0:0: Ending Domain Validation
[   27.403319] scsi target2:0:0: asynchronous
[   27.568567] scsi 2:0:1:0: Direct-Access     VBOX     HARDDISK         1.0  PQ: 0 ANSI: 5
[   27.885850] scsi target2:0:1: Beginning Domain Validation
[   28.098051] e1000 0000:00:08.0 eth1: (PCI:33MHz:32-bit) 08:00:27:de:eb:0c
[   28.319623] e1000 0000:00:08.0 eth1: Intel(R) PRO/1000 Network Connection
[   28.445592] scsi target2:0:1: Domain Validation skipping write tests
[   28.623890] scsi target2:0:1: Ending Domain Validation
[   28.770052] e1000 0000:00:08.0 enp0s8: renamed from eth1
[   28.850033] e1000 0000:00:03.0 enp0s3: renamed from eth0
[   28.887828] scsi target2:0:1: asynchronous
[   28.900477] sd 2:0:0:0: Attached scsi generic sg0 type 0
[   28.911989] sd 2:0:0:0: [sda] 20971520 512-byte logical blocks: (10.7 GB/10.0 GiB)
[   28.918703] sd 2:0:0:0: [sda] Write Protect is off
[   28.926092] sd 2:0:1:0: [sdb] 20480 512-byte logical blocks: (10.5 MB/10.0 MiB)
[   28.969096] sd 2:0:1:0: Attached scsi generic sg1 type 0
[   28.977855] sd 2:0:0:0: [sda] Incomplete mode parameter data
[   29.024219] sd 2:0:0:0: [sda] Assuming drive cache: write through
[   29.047208] sd 2:0:1:0: [sdb] Write Protect is off
[   29.136634] sd 2:0:1:0: [sdb] Incomplete mode parameter data
[   29.184486] sd 2:0:1:0: [sdb] Assuming drive cache: write through
[   29.229738]  sda: sda1
[   29.322497] sd 2:0:0:0: [sda] Attached SCSI disk
[   29.474374] sd 2:0:1:0: [sdb] Attached SCSI disk
Begin: Loading e[   30.960513] md: linear personality registered for level -1
ssential drivers[   31.195322] md: multipath personality registered for level -4
 ... [   31.439612] md: raid0 personality registered for level 0
[   31.638153] md: raid1 personality registered for level 1
[   31.781320] raid6: mmxx1    gen()  5161 MB/s
[   31.956983] raid6: mmxx2    gen()  5229 MB/s
[   32.173166] raid6: sse1x1   gen()  4541 MB/s
[   32.405437] raid6: sse1x2   gen()  5250 MB/s
[   32.653057] raid6: sse2x1   gen()  9223 MB/s
[   32.872942] raid6: sse2x1   xor()  6418 MB/s
[   32.965215] raid6: sse2x2   gen() 11054 MB/s
[   33.136995] raid6: sse2x2   xor()  7563 MB/s
[   33.265310] raid6: avx2x1   gen() 18463 MB/s
[   33.489298] raid6: avx2x2   gen() 20171 MB/s
[   33.656162] raid6: using algorithm avx2x2 gen() 20171 MB/s
[   33.824948] raid6: using avx2x1 recovery algorithm
[   33.937045] xor: automatically using best checksumming function:
[   34.072975]    avx       : 21425.000 MB/sec
[   34.193248] async_tx: api initialized (async)
[   34.339107] md: raid6 personality registered for level 6
[   34.442875] md: raid5 personality registered for level 5
[   34.573658] md: raid4 personality registered for level 4
[   34.721755] md: raid10 personality registered for level 10
done.
Begin: Running /scripts/init-premount ... done[   34.881197] Btrfs loaded
.
Begin: Mounting root file system ... Begin: Running /scripts/local-top ... done.
Begin: Runn[   35.060366] EXT4-fs (sda1): INFO: recovery required on readonly filesystem
ing /scripts/loc[   35.300157] EXT4-fs (sda1): write access will be enabled during recovery
al-premount ... Scanning for Btrfs filesystems
done.
Warning: fsck not present, so skipping root file system
[   35.720053] random: nonblocking pool is initialized
[   36.046281] EXT4-fs (sda1): orphan cleanup on readonly fs
[   36.217055] EXT4-fs (sda1): 6 orphan inodes deleted
[   36.381936] EXT4-fs (sda1): recovery complete
[   36.506925] EXT4-fs (sda1): mounted filesystem with ordered data mode. Opts: (null)
done.
Begin: Running /scripts/local-bottom ... done.
Begin: Running /scripts/init-bottom ... done.
[   37.203657] systemd[1]: systemd 229 running in system mode. (+PAM +AUDIT +SELINUX +IMA +APPARMOR +SMACK +SYSVINIT +UTMP +LIBCRYPTSETUP +GCRYPT +GNUTLS +ACL +XZ -LZ4 +SECCOMP +BLKID +ELFUTILS +KMOD -IDN)
[   37.369816] systemd[1]: Detected virtualization oracle.
[   37.371383] systemd[1]: Detected architecture x86.

Welcome to [1mUbuntu 16.04.5 LTS[0m!

[   37.463449] systemd[1]: Set hostname to <kouosl>.
[   38.088819] systemd[1]: Listening on udev Kernel Socket.
[[0;32m  OK  [0m] Listening on udev Kernel Socket.
[   38.149959] systemd[1]: Listening on Journal Socket.
[[0;32m  OK  [0m] Listening on Journal Socket.
[   38.241568] systemd[1]: Listening on /dev/initctl Compatibility Named Pipe.
[[0;32m  OK  [0m] Listening on /dev/initctl Compatibility Named Pipe.
[   38.389332] systemd[1]: Created slice User and Session Slice.
[[0;32m  OK  [0m] Created slice User and Session Slice.
[   38.501147] systemd[1]: Listening on Journal Audit Socket.
[[0;32m  OK  [0m] Listening on Journal Audit Socket.
[   38.577254] systemd[1]: Listening on Device-mapper event daemon FIFOs.
[[0;32m  OK  [0m] Listening on Device-mapper event daemon FIFOs.
[   38.737841] systemd[1]: Listening on LVM2 poll daemon socket.
[[0;32m  OK  [0m] Listening on LVM2 poll daemon socket.
[   39.029844] systemd[1]: Reached target Swap.
[[0;32m  OK  [0m] Reached target Swap.
[   39.177790] systemd[1]: Listening on udev Control Socket.
[[0;32m  OK  [0m] Listening on udev Control Socket.
[   39.337525] systemd[1]: Created slice System Slice.
[[0;32m  OK  [0m] Created slice System Slice.
[   39.525708] systemd[1]: Mounting Debug File System...
         Mounting Debug File System...
[   39.713806] systemd[1]: Reached target Slices.
[[0;32m  OK  [0m] Reached target Slices.
[   39.882149] systemd[1]: Mounting POSIX Message Queue File System...
         Mounting POSIX Message Queue File System...
[   40.133811] systemd[1]: Starting Uncomplicated firewall...
         Starting Uncomplicated firewall...
[   40.409701] systemd[1]: Starting Remount Root and Kernel File Systems...
         Starting Remount Root and Kernel File Systems...[   40.748358] EXT4-fs (sda1): re-mounted. Opts: (null)

[   40.862258] systemd[1]: Starting Create list of required static device nodes for the current kernel...
         Starting Create list of required st... nodes for the current kernel...
[   41.042766] systemd[1]: Starting Load Kernel Modules...
         Starting Load Kernel Modules...[   41.205794] Loading iSCSI transport class v2.0-870.

[   41.320204] systemd[1]: Reached target User and Group Name Lookups.
[[0;32m  OK  [0m] Reached targe[   41.445342] iscsi: registered transport (tcp)
t User and Group Name Lookups.
[   41.629359] systemd[1]: Reached target Encrypted Volumes.
[[0;32m  OK  [0m] Reached targe[   41.771960] iscsi: registered transport (iser)
t Encrypted Volumes.
[   41.946218] systemd[1]: Starting Nameserver information manager...
         Starting Nameserver information manager...
[   42.185102] systemd[1]: Listening on LVM2 metadata daemon socket.
[[0;32m  OK  [0m] Listening on LVM2 metadata daemon socket.
[   42.473970] systemd[1]: Starting Monitoring of LVM2 mirrors, snapshots etc. using dmeventd or progress polling...
         Starting Monitoring of LVM2 mirrors... dmeventd or progress polling...
[   42.622293] systemd[1]: Mounting Huge Pages File System...
         Mounting Huge Pages File System...
[   42.829745] systemd[1]: Set up automount Arbitrary Executable File Formats File System Automount Point.
[[0;32m  OK  [0m] Set up automount Arbitrary Executab...ats File System Automount Point.
[   43.133272] systemd[1]: Listening on Syslog Socket.
[[0;32m  OK  [0m] Listening on Syslog Socket.
[   43.205886] systemd[1]: Created slice system-serial\x2dgetty.slice.
[[0;32m  OK  [0m] Created slice system-serial\x2dgetty.slice.
[   43.513321] systemd[1]: Started Forward Password Requests to Wall Directory Watch.
[[0;32m  OK  [0m] Started Forward Password Requests to Wall Directory Watch.
[   43.777907] systemd[1]: Listening on Journal Socket (/dev/log).
[[0;32m  OK  [0m] Listening on Journal Socket (/dev/log).
[   44.038594] systemd[1]: Starting Journal Service...
         Starting Journal Service...
[   44.205730] systemd[1]: Starting Set console keymap...
         Starting Set console keymap...
[   44.325215] systemd[1]: Reached target System Time Synchronized.
[[0;32m  OK  [0m] Reached target System Time Synchronized.
[   44.573290] systemd[1]: Started Trigger resolvconf update for networkd DNS.
[[0;32m  OK  [0m] Started Trigger resolvconf update for networkd DNS.
[   44.834886] systemd[1]: Mounted Huge Pages File System.
[[0;32m  OK  [0m] Mounted Huge Pages File System.
[   45.005269] systemd[1]: Mounted POSIX Message Queue File System.
[[0;32m  OK  [0m] Mounted POSIX Message Queue File System.
[   45.229221] systemd[1]: Mounted Debug File System.
[[0;32m  OK  [0m] Mounted Debug File System.
[   45.393404] systemd[1]: Started Journal Service.
[[0;32m  OK  [0m] Started Journal Service.
[[0;32m  OK  [0m] Started Uncomplicated firewall.
[[0;32m  OK  [0m] Started Remount Root and Kernel File Systems.
[[0;32m  OK  [0m] Started Create list of required sta...ce nodes for the current kernel.
[[0;32m  OK  [0m] Started Load Kernel Modules.
[[0;32m  OK  [0m] Started Set console keymap.
[[0;32m  OK  [0m] Started Nameserver information manager.
[[0;32m  OK  [0m] Started LVM2 metadata daemon.
         Mounting FUSE Control File System...
         Starting Apply Kernel Variables...
         Starting Create Static Device Nodes in /dev...
         Starting udev Coldplug all Devices...
         Starting Load/Save Random Seed...
         Starting Flush Journal to Persistent Storage...
[[0;32m  OK  [0m] Mounted FUSE Control File System.
[[0;32m  OK  [0m] Started Monitoring of LVM2 mirrors,...ng dmeventd or progress polling.
[[0;32m  OK  [0m] Started Apply Kernel Variables.
[[0;32m  OK  [0m] Started Create Static Device Nodes in /dev.
[[0;32m  OK  [0m] Started Load/Save Random Seed.
[[0;32m  OK  [0m] Started udev Coldplug all Devices.
         Starting udev Kernel Device Manager...
[[0;32m  OK  [0m] Started Flush Journal to Persistent Storage.
[[0;32m  OK  [0m] Started udev Kernel Device Manager.
[[0;32m  OK  [0m] Started Dispatch Password Requests to Console Directory Watch.
[[0;32m  OK  [0m] Reached target Local File Systems (Pre).
[[0;32m  OK  [0m] Reached target Local File Systems.
         Starting Initial cloud-init job (pre-networking)...
         Starting Set console font and keymap...
         Starting LSB: AppArmor initialization...
         Starting Tell Plymouth To Write Out Runtime Data...
         Starting Create Volatile Files and Directories...
[[0;32m  OK  [0m] Started Tell Plymouth To Write Out Runtime Data.
[[0;32m  OK  [0m] Started Create Volatile Files and Directories.
[[0;32m  OK  [0m] Found device /dev/ttyS0.
[[0;32m  OK  [0m] Listening on Load/Save RF Kill Switch Status /dev/rfkill Watch.
         Starting Update UTMP about System Boot/Shutdown...
[[0;32m  OK  [0m] Started Set console font and keymap.
[[0;32m  OK  [0m] Created slice system-getty.slice.
[[0;32m  OK  [0m] Started Update UTMP about System Boot/Shutdown.
[[0;32m  OK  [0m] Started LSB: AppArmor initialization.
[   36.068582] cloud-init[535]: Cloud-init v. 18.3-9-g2e62cb8a-0ubuntu1~16.04.2 running 'init-local' at Thu, 03 Jan 2019 20:48:00 +0000. Up 35.32 seconds.
[[0;32m  OK  [0m] Started Initial cloud-init job (pre-networking).
[[0;32m  OK  [0m] Reached target Network (Pre).
         Starting Raise network interfaces...
[[0;32m  OK  [0m] Started ifup for enp0s3.
[[0;32m  OK  [0m] Started ifup for enp0s8.
[[0;32m  OK  [0m] Started Raise network interfaces.
         Starting Initial cloud-init job (metadata service crawler)...
[[0;32m  OK  [0m] Reached target Network.
[   38.190067] cloud-init[1069]: Cloud-init v. 18.3-9-g2e62cb8a-0ubuntu1~16.04.2 running 'init' at Thu, 03 Jan 2019 20:48:02 +0000. Up 37.32 seconds.
[   38.348565] cloud-init[1069]: ci-info: ++++++++++++++++++++++++++++++++++++++Net device info+++++++++++++++++++++++++++++++++++++++
[[0;32m  OK  [0m] Started Initial cloud-init job (metadata service crawler).
[   38.523653] cloud-init[1069]: ci-info: +--------+------+-----------------------------+---------------+--------+-------------------+
[   38.769119] cloud-init[1069]: ci-info: | Device |  Up  |           Address           |      Mask     | Scope  |     Hw-Address    |
[   38.920390] cloud-init[1069]: ci-info: +--------+------+-----------------------------+---------------+--------+-------------------+
[   39.076695] cloud-init[1069]:  i-info: | enp0s3 | True |          10.0.2.15          | 255.255.255.0 | global | 02:e6:51:b1:60:b4 |
[[0;32m  OK  [0m] Reached target Network is Online.
         Starting iSCSI initiator daemon (iscsid)...
[[0;32m  OK  [0m] Reached target System Initialization.
[   39.222893] cloud-init[1069]: ci-info: | enp0s3 | True |  fe80::e6:51ff:feb1:60b4/64 |       .       |  link  | 02:e6:51:b1:60:b4 |
[[0;32m  OK  [0m] Started Daily Cleanup of Temporary Directories.
[[0;32m  OK  [0m] Listening on ACPID Listen Socket.
[   39.566570] cloud-init[1069]: ci-info: | enp0s8 | True |        192.168.83.137       | 255.255.255.0 | global | 08:00:27:de:eb:0c |
[   39.864346] cloud-init[1069]: ci-info: | enp0s8 | True | fe80::a00:27ff:fede:eb0c/64 |       .       |  link  | 08:00:27:de:eb:0c |
         Starting LXD - unix socket.
[   40.018595] cloud-init[1069]: ci-info: |   lo   | True |          127.0.0.1          |   255.0.0.0   |  host  |         .         |
[   40.228704] cloud-init[1069]: ci-info: |   lo   | True |           ::1/128           |       .       |  host  |         .         |
[[0;32m  OK  [0m] Started Daily apt download activities.
[[0;32m  OK  [0m] Started Daily apt upgrade and clean activities.
[   40.383309] cloud-init[1069]: ci-info: +--------+------+-----------------------------+---------------+--------+-------------------+
[   40.684993] cloud-init[1069]: ci-info: ++++++++++++++++++++++++++++Route IPv4 info++++++++++++++++++++++++++++
[[0;32m  OK  [0m] Listening on UUID daemon activation socket.
[   40.823112] cloud-init[1069]: ci-info: +-------+--------------+----------+---------------+-----------+-------+
[   41.009437] cloud-init[1069]: ci-info: | Route | Destination  | Gateway  |    Genmask    | Interface | Flags |
[   41.140316] cloud-init[1069]: ci-info: +-------+--------------+----------+---------------+-----------+-------+
[[0;32m  OK  [0m] Started ACPI Events Check.
[[0;32m  OK  [0m] Reached target Paths.
[   41.275392] cloud-init[1069]: ci-info: |   0   |   0.0.0.0    | 10.0.2.2 |    0.0.0.0    |   enp0s3  |   UG  |
[   41.520533] cloud-init[1069]: ci-info: |   1   |   10.0.2.0   | 0.0.0.0  | 255.255.255.0 |   enp0s3  |   U   |
         Starting Socket activation for snappy daemon.
[[0;32m  OK  [0m] Listening on D-Bus System Message Bus Socket.
[   41.654837] cloud-init[1069]: ci-info: |   2   | 192.168.83.0 | 0.0.0.0  | 255.255.255.0 |   enp0s8  |   U   |
[   41.888464] cloud-init[1069]: ci-info: +-------+--------------+----------+---------------+-----------+-------+
[[0;32m  OK  [0m] Reached target Timers.
[[0;32m  OK  [0m] Reached target Cloud-config availability.
[   42.022971] cloud-init[1069]: ci-info: +++++++++++++++++++Route IPv6 info+++++++++++++++++++
[[   42.232210] cloud-init[1069]: ci-info: +-------+-------------+---------+-----------+-------+
[   42.232925] cloud-init[1069]: ci-info: | Route | Destination | Gateway | Interface | Flags |
[   42.232988] cloud-init[1069]: ci-info: +-------+-------------+---------+-----------+-------+
[   42.233044] cloud-init[1069]: ci-info: |   0   |  fe80::/64  |    ::   |   enp0s8  |   U   |
[   42.233100] cloud-init[1069]: ci-info: |   1   |  fe80::/64  |    ::   |   enp0s3  |   U   |
[   42.233154] cloud-init[1069]: ci-info: |   4   |   ff00::/8  |    ::   |   enp0s8  |   U   |
[   42.233209] cloud-init[1069]: ci-info: |   5   |   ff00::/8  |    ::   |   enp0s3  |   U   |
[   42.233268] cloud-init[1069]: ci-info: +-------+-------------+---------+-----------+-------+
[0;32m  OK  [0m] Listening on LXD - unix socket.
[[0;32m  OK  [0m] Listening on Socket activation for snappy daemon.
[[0;32m  OK  [0m] Started iSCSI initiator daemon (iscsid).
         Starting Login to default iSCSI targets...
[[0;32m  OK  [0m] Reached target Sockets.
[[0;32m  OK  [0m] Reached target Basic System.
[[0;32m  OK  [0m] Started D-Bus System Message Bus.
[[0;32m  OK  [0m] Started Unattended Upgrades Shutdown.
         Starting LSB: Record successful boot for GRUB...
         Starting Snappy daemon...
         Starting Accounts Service...
         Starting OpenBSD Secure Shell server...
[[0;32m  OK  [0m] Started Regular background program processing daemon.
         Starting Virtualbox guest utils...
         Starting System Logging Service...
[[0;32m  OK  [0m] Started Deferred execution scheduler.
         Starting LSB: MD monitoring daemon...
         Starting /etc/rc.local Compatibility...
[[0;32m  OK  [0m] Started ACPI event daemon.
         Starting Login Service...
[[0;32m  OK  [0m] Started FUSE filesystem for LXC.
         Starting LXD - container startup/shutdown...
[[0;32m  OK  [0m] Started System Logging Service.
[[0;32m  OK  [0m] Started /etc/rc.local Compatibility.
[[0;32m  OK  [0m] Started OpenBSD Secure Shell server.
[[0;32m  OK  [0m] Started LSB: Record successful boot for GRUB.
[[0;32m  OK  [0m] Started Login to default iSCSI targets.
[[0;32m  OK  [0m] Started LSB: MD monitoring daemon.
         Starting Authenticate and Authorize Users to Run Privileged Tasks...
[[0;32m  OK  [0m] Reached target Remote File Systems (Pre).
[[0;32m  OK  [0m] Reached target Remote File Systems.
         Starting LSB: Apache2 web server...
         Starting Permit User Sessions...
         Starting LSB: Start and stop the mysql database server daemon...
         Starting LSB: daemon to balance interrupts for SMP systems...
         Starting LSB: automatic crash report generation...
         Starting LSB: Set the CPU Frequency Scaling governor to "ondemand"...
[[0;32m  OK  [0m] Started Snappy daemon.
[[0;32m  OK  [0m] Started Virtualbox guest utils.
[[0;32m  OK  [0m] Started LXD - container startup/shutdown.
[[0;32m  OK  [0m] Started Permit User Sessions.
[[0;32m  OK  [0m] Started Login Service.
[[0;32m  OK  [0m] Started Authenticate and Authorize Users to Run Privileged Tasks.
[[0;32m  OK  [0m] Started Accounts Service.
[[0;32m  OK  [0m] Started LSB: Set the CPU Frequency Scaling governor to "ondemand".
[[0;32m  OK  [0m] Started LSB: daemon to balance interrupts for SMP systems.
[[0;32m  OK  [0m] Started LSB: automatic crash report generation.
[[0;32m  OK  [0m] Created slice User Slice of vagrant.
[[0;32m  OK  [0m] Started Session 1 of user vagrant.
         Starting User Manager for UID 1000...
         Starting Hold until boot process finishes up...
         Starting Terminate Plymouth Boot Screen...
         Starting Wait until snapd is fully seeded...
[[0;32m  OK  [0m] Started User Manager for UID 1000.
[[0;32m  OK  [0m] Started Hold until boot process finishes up.
[[0;32m  OK  [0m] Started Terminate Plymouth Boot Screen.
[[0;32m  OK  [0m] Started Wait until snapd is fully seeded.
         Starting Apply the settings specified in cloud-config...
[[0;32m  OK  [0m] Started Serial Getty on ttyS0.
[[0;32m  OK  [0m] Started Getty on tty1.
[[0;32m  OK  [0m] Reached target Login Prompts.
         Starting Set console scheme...
[[0;32m  OK  [0m] Started Set console scheme.
[   48.576883] cloud-init[1373]: Cloud-init v. 18.3-9-g2e62cb8a-0ubuntu1~16.04.2 running 'modules:config' at Thu, 03 Jan 2019 20:48:13 +0000. Up 48.00 seconds.
[[0;32m  OK  [0m] Started Apply the settings specified in cloud-config.
[[0;32m  OK  [0m] Started LSB: Start and stop the mysql database server daemon.

Ubuntu 16.04.5 LTS kouosl ttyS0

kouosl login: [   53.914868] cloud-init[1815]: Cloud-init v. 18.3-9-g2e62cb8a-0ubuntu1~16.04.2 running 'modules:final' at Thu, 03 Jan 2019 20:48:19 +0000. Up 53.57 seconds.
[   53.915350] cloud-init[1815]: Cloud-init v. 18.3-9-g2e62cb8a-0ubuntu1~16.04.2 finished at Thu, 03 Jan 2019 20:48:19 +0000. Datasource DataSourceNoCloud [seed=/dev/sdb][dsmode=net].  Up 53.90 seconds
